{"/Users/thaliamijas/Documents/MasterUEM/BackendAvanzado/gestioUsuariosFinal/app.js": {"path":"/Users/thaliamijas/Documents/MasterUEM/BackendAvanzado/gestioUsuariosFinal/app.js","statementMap":{"0":{"start":{"line":1,"column":16},"end":{"line":1,"column":34}},"1":{"start":{"line":2,"column":21},"end":{"line":2,"column":45}},"2":{"start":{"line":3,"column":39},"end":{"line":3,"column":66}},"3":{"start":{"line":11,"column":4},"end":{"line":11,"column":31}},"4":{"start":{"line":12,"column":39},"end":{"line":12,"column":66}},"5":{"start":{"line":13,"column":13},"end":{"line":13,"column":29}},"6":{"start":{"line":14,"column":12},"end":{"line":14,"column":26}},"7":{"start":{"line":15,"column":15},"end":{"line":15,"column":32}},"8":{"start":{"line":17,"column":0},"end":{"line":17,"column":16}},"9":{"start":{"line":19,"column":12},"end":{"line":19,"column":21}},"10":{"start":{"line":21,"column":23},"end":{"line":21,"column":45}},"11":{"start":{"line":23,"column":0},"end":{"line":23,"column":24}},"12":{"start":{"line":24,"column":0},"end":{"line":24,"column":22}},"13":{"start":{"line":25,"column":0},"end":{"line":25,"column":24}},"14":{"start":{"line":27,"column":0},"end":{"line":29,"column":3}},"15":{"start":{"line":28,"column":2},"end":{"line":28,"column":43}},"16":{"start":{"line":31,"column":0},"end":{"line":31,"column":42}},"17":{"start":{"line":33,"column":0},"end":{"line":33,"column":74}},"18":{"start":{"line":35,"column":0},"end":{"line":42,"column":2}},"19":{"start":{"line":44,"column":0},"end":{"line":44,"column":78}},"20":{"start":{"line":46,"column":0},"end":{"line":46,"column":44}},"21":{"start":{"line":48,"column":0},"end":{"line":50,"column":3}},"22":{"start":{"line":49,"column":2},"end":{"line":49,"column":53}},"23":{"start":{"line":52,"column":0},"end":{"line":63,"column":3}},"24":{"start":{"line":53,"column":16},"end":{"line":53,"column":33}},"25":{"start":{"line":54,"column":2},"end":{"line":56,"column":3}},"26":{"start":{"line":55,"column":4},"end":{"line":55,"column":70}},"27":{"start":{"line":57,"column":2},"end":{"line":61,"column":5}},"28":{"start":{"line":62,"column":2},"end":{"line":62,"column":54}},"29":{"start":{"line":66,"column":0},"end":{"line":77,"column":3}},"30":{"start":{"line":67,"column":2},"end":{"line":73,"column":3}},"31":{"start":{"line":69,"column":4},"end":{"line":72,"column":7}},"32":{"start":{"line":75,"column":2},"end":{"line":75,"column":45}},"33":{"start":{"line":76,"column":2},"end":{"line":76,"column":64}},"34":{"start":{"line":79,"column":0},"end":{"line":79,"column":21}}},"fnMap":{"0":{"name":"(anonymous_0)","decl":{"start":{"line":27,"column":39},"end":{"line":27,"column":40}},"loc":{"start":{"line":27,"column":53},"end":{"line":29,"column":1}},"line":27},"1":{"name":"(anonymous_1)","decl":{"start":{"line":31,"column":24},"end":{"line":31,"column":25}},"loc":{"start":{"line":31,"column":38},"end":{"line":31,"column":40}},"line":31},"2":{"name":"(anonymous_2)","decl":{"start":{"line":33,"column":56},"end":{"line":33,"column":57}},"loc":{"start":{"line":33,"column":70},"end":{"line":33,"column":72}},"line":33},"3":{"name":"(anonymous_3)","decl":{"start":{"line":41,"column":2},"end":{"line":41,"column":3}},"loc":{"start":{"line":41,"column":16},"end":{"line":41,"column":18}},"line":41},"4":{"name":"(anonymous_4)","decl":{"start":{"line":44,"column":60},"end":{"line":44,"column":61}},"loc":{"start":{"line":44,"column":74},"end":{"line":44,"column":76}},"line":44},"5":{"name":"(anonymous_5)","decl":{"start":{"line":46,"column":26},"end":{"line":46,"column":27}},"loc":{"start":{"line":46,"column":40},"end":{"line":46,"column":42}},"line":46},"6":{"name":"(anonymous_6)","decl":{"start":{"line":48,"column":64},"end":{"line":48,"column":65}},"loc":{"start":{"line":48,"column":78},"end":{"line":50,"column":1}},"line":48},"7":{"name":"(anonymous_7)","decl":{"start":{"line":52,"column":36},"end":{"line":52,"column":37}},"loc":{"start":{"line":52,"column":50},"end":{"line":63,"column":1}},"line":52},"8":{"name":"(anonymous_8)","decl":{"start":{"line":66,"column":8},"end":{"line":66,"column":9}},"loc":{"start":{"line":66,"column":33},"end":{"line":77,"column":1}},"line":66}},"branchMap":{"0":{"loc":{"start":{"line":54,"column":2},"end":{"line":56,"column":3}},"type":"if","locations":[{"start":{"line":54,"column":2},"end":{"line":56,"column":3}},{"start":{},"end":{}}],"line":54},"1":{"loc":{"start":{"line":67,"column":2},"end":{"line":73,"column":3}},"type":"if","locations":[{"start":{"line":67,"column":2},"end":{"line":73,"column":3}},{"start":{},"end":{}}],"line":67}},"s":{"0":1,"1":1,"2":1,"3":1,"4":1,"5":1,"6":1,"7":1,"8":1,"9":1,"10":1,"11":1,"12":1,"13":1,"14":1,"15":2,"16":1,"17":1,"18":1,"19":1,"20":1,"21":1,"22":0,"23":1,"24":2,"25":2,"26":1,"27":1,"28":1,"29":1,"30":3,"31":3,"32":0,"33":0,"34":1},"f":{"0":2,"1":0,"2":0,"3":0,"4":0,"5":0,"6":0,"7":2,"8":3},"b":{"0":[1,1],"1":[3,0]},"_coverageSchema":"1a1c01bbd47fc00a2c39e90264f33305004495a9","hash":"88fca3136ec0a2157f0a97d2ad138f92351b1b48"}
,"/Users/thaliamijas/Documents/MasterUEM/BackendAvanzado/gestioUsuariosFinal/middlewares.js": {"path":"/Users/thaliamijas/Documents/MasterUEM/BackendAvanzado/gestioUsuariosFinal/middlewares.js","statementMap":{"0":{"start":{"line":1,"column":19},"end":{"line":1,"column":42}},"1":{"start":{"line":2,"column":14},"end":{"line":2,"column":35}},"2":{"start":{"line":3,"column":12},"end":{"line":3,"column":35}},"3":{"start":{"line":4,"column":13},"end":{"line":4,"column":40}},"4":{"start":{"line":5,"column":15},"end":{"line":5,"column":35}},"5":{"start":{"line":6,"column":18},"end":{"line":6,"column":47}},"6":{"start":{"line":7,"column":12},"end":{"line":7,"column":26}},"7":{"start":{"line":8,"column":15},"end":{"line":8,"column":32}},"8":{"start":{"line":10,"column":0},"end":{"line":10,"column":16}},"9":{"start":{"line":12,"column":19},"end":{"line":12,"column":41}},"10":{"start":{"line":13,"column":23},"end":{"line":13,"column":65}},"11":{"start":{"line":14,"column":27},"end":{"line":14,"column":72}},"12":{"start":{"line":16,"column":18},"end":{"line":24,"column":1}},"13":{"start":{"line":17,"column":2},"end":{"line":23,"column":3}},"14":{"start":{"line":18,"column":18},"end":{"line":18,"column":38}},"15":{"start":{"line":19,"column":4},"end":{"line":19,"column":46}},"16":{"start":{"line":21,"column":4},"end":{"line":21,"column":36}},"17":{"start":{"line":22,"column":4},"end":{"line":22,"column":68}},"18":{"start":{"line":26,"column":21},"end":{"line":46,"column":1}},"19":{"start":{"line":27,"column":20},"end":{"line":27,"column":72}},"20":{"start":{"line":28,"column":2},"end":{"line":31,"column":3}},"21":{"start":{"line":29,"column":21},"end":{"line":29,"column":66}},"22":{"start":{"line":29,"column":51},"end":{"line":29,"column":65}},"23":{"start":{"line":30,"column":4},"end":{"line":30,"column":54}},"24":{"start":{"line":32,"column":26},"end":{"line":32,"column":34}},"25":{"start":{"line":33,"column":17},"end":{"line":33,"column":27}},"26":{"start":{"line":35,"column":15},"end":{"line":39,"column":4}},"27":{"start":{"line":42,"column":2},"end":{"line":44,"column":3}},"28":{"start":{"line":43,"column":4},"end":{"line":43,"column":78}},"29":{"start":{"line":45,"column":2},"end":{"line":45,"column":9}},"30":{"start":{"line":48,"column":19},"end":{"line":64,"column":1}},"31":{"start":{"line":49,"column":2},"end":{"line":63,"column":3}},"32":{"start":{"line":50,"column":38},"end":{"line":50,"column":46}},"33":{"start":{"line":51,"column":21},"end":{"line":55,"column":5}},"34":{"start":{"line":56,"column":18},"end":{"line":56,"column":38}},"35":{"start":{"line":57,"column":4},"end":{"line":57,"column":25}},"36":{"start":{"line":58,"column":4},"end":{"line":58,"column":32}},"37":{"start":{"line":59,"column":4},"end":{"line":59,"column":56}},"38":{"start":{"line":61,"column":4},"end":{"line":61,"column":36}},"39":{"start":{"line":62,"column":4},"end":{"line":62,"column":68}},"40":{"start":{"line":66,"column":19},"end":{"line":88,"column":1}},"41":{"start":{"line":67,"column":2},"end":{"line":87,"column":3}},"42":{"start":{"line":68,"column":19},"end":{"line":68,"column":29}},"43":{"start":{"line":69,"column":38},"end":{"line":69,"column":46}},"44":{"start":{"line":70,"column":17},"end":{"line":70,"column":40}},"45":{"start":{"line":71,"column":4},"end":{"line":71,"column":78}},"46":{"start":{"line":71,"column":15},"end":{"line":71,"column":78}},"47":{"start":{"line":72,"column":25},"end":{"line":76,"column":5}},"48":{"start":{"line":78,"column":4},"end":{"line":78,"column":36}},"49":{"start":{"line":80,"column":4},"end":{"line":83,"column":7}},"50":{"start":{"line":85,"column":4},"end":{"line":85,"column":36}},"51":{"start":{"line":86,"column":4},"end":{"line":86,"column":68}},"52":{"start":{"line":90,"column":19},"end":{"line":103,"column":1}},"53":{"start":{"line":91,"column":2},"end":{"line":102,"column":3}},"54":{"start":{"line":92,"column":19},"end":{"line":92,"column":29}},"55":{"start":{"line":93,"column":17},"end":{"line":93,"column":40}},"56":{"start":{"line":94,"column":4},"end":{"line":94,"column":78}},"57":{"start":{"line":94,"column":15},"end":{"line":94,"column":78}},"58":{"start":{"line":96,"column":4},"end":{"line":96,"column":25}},"59":{"start":{"line":98,"column":4},"end":{"line":98,"column":76}},"60":{"start":{"line":100,"column":4},"end":{"line":100,"column":36}},"61":{"start":{"line":101,"column":4},"end":{"line":101,"column":68}},"62":{"start":{"line":105,"column":17},"end":{"line":115,"column":1}},"63":{"start":{"line":106,"column":2},"end":{"line":114,"column":3}},"64":{"start":{"line":107,"column":19},"end":{"line":107,"column":29}},"65":{"start":{"line":108,"column":17},"end":{"line":108,"column":40}},"66":{"start":{"line":109,"column":4},"end":{"line":109,"column":78}},"67":{"start":{"line":109,"column":15},"end":{"line":109,"column":78}},"68":{"start":{"line":110,"column":4},"end":{"line":110,"column":48}},"69":{"start":{"line":112,"column":4},"end":{"line":112,"column":36}},"70":{"start":{"line":113,"column":4},"end":{"line":113,"column":68}},"71":{"start":{"line":117,"column":21},"end":{"line":127,"column":2}},"72":{"start":{"line":120,"column":25},"end":{"line":120,"column":52}},"73":{"start":{"line":129,"column":22},"end":{"line":162,"column":1}},"74":{"start":{"line":130,"column":2},"end":{"line":161,"column":3}},"75":{"start":{"line":131,"column":35},"end":{"line":131,"column":43}},"76":{"start":{"line":133,"column":4},"end":{"line":137,"column":5}},"77":{"start":{"line":134,"column":6},"end":{"line":136,"column":65}},"78":{"start":{"line":139,"column":17},"end":{"line":141,"column":6}},"79":{"start":{"line":143,"column":4},"end":{"line":145,"column":5}},"80":{"start":{"line":144,"column":6},"end":{"line":144,"column":75}},"81":{"start":{"line":147,"column":20},"end":{"line":147,"column":71}},"82":{"start":{"line":148,"column":18},"end":{"line":148,"column":68}},"83":{"start":{"line":151,"column":4},"end":{"line":155,"column":7}},"84":{"start":{"line":157,"column":4},"end":{"line":157,"column":50}},"85":{"start":{"line":159,"column":4},"end":{"line":159,"column":36}},"86":{"start":{"line":160,"column":4},"end":{"line":160,"column":68}},"87":{"start":{"line":164,"column":20},"end":{"line":179,"column":1}},"88":{"start":{"line":165,"column":2},"end":{"line":178,"column":3}},"89":{"start":{"line":167,"column":18},"end":{"line":167,"column":36}},"90":{"start":{"line":168,"column":4},"end":{"line":168,"column":76}},"91":{"start":{"line":168,"column":16},"end":{"line":168,"column":76}},"92":{"start":{"line":170,"column":4},"end":{"line":174,"column":7}},"93":{"start":{"line":171,"column":6},"end":{"line":171,"column":74}},"94":{"start":{"line":171,"column":15},"end":{"line":171,"column":74}},"95":{"start":{"line":172,"column":6},"end":{"line":172,"column":25}},"96":{"start":{"line":173,"column":6},"end":{"line":173,"column":13}},"97":{"start":{"line":176,"column":4},"end":{"line":176,"column":36}},"98":{"start":{"line":177,"column":4},"end":{"line":177,"column":68}},"99":{"start":{"line":181,"column":21},"end":{"line":202,"column":1}},"100":{"start":{"line":182,"column":19},"end":{"line":195,"column":3}},"101":{"start":{"line":183,"column":4},"end":{"line":183,"column":48}},"102":{"start":{"line":183,"column":41},"end":{"line":183,"column":48}},"103":{"start":{"line":184,"column":4},"end":{"line":194,"column":5}},"104":{"start":{"line":185,"column":6},"end":{"line":193,"column":7}},"105":{"start":{"line":186,"column":8},"end":{"line":186,"column":33}},"106":{"start":{"line":187,"column":13},"end":{"line":193,"column":7}},"107":{"start":{"line":188,"column":8},"end":{"line":190,"column":10}},"108":{"start":{"line":189,"column":10},"end":{"line":189,"column":53}},"109":{"start":{"line":191,"column":13},"end":{"line":193,"column":7}},"110":{"start":{"line":192,"column":8},"end":{"line":192,"column":27}},"111":{"start":{"line":197,"column":2},"end":{"line":197,"column":21}},"112":{"start":{"line":198,"column":2},"end":{"line":198,"column":23}},"113":{"start":{"line":199,"column":2},"end":{"line":199,"column":22}},"114":{"start":{"line":201,"column":2},"end":{"line":201,"column":9}},"115":{"start":{"line":204,"column":0},"end":{"line":215,"column":2}}},"fnMap":{"0":{"name":"(anonymous_0)","decl":{"start":{"line":16,"column":18},"end":{"line":16,"column":19}},"loc":{"start":{"line":16,"column":44},"end":{"line":24,"column":1}},"line":16},"1":{"name":"(anonymous_1)","decl":{"start":{"line":26,"column":21},"end":{"line":26,"column":22}},"loc":{"start":{"line":26,"column":47},"end":{"line":46,"column":1}},"line":26},"2":{"name":"(anonymous_2)","decl":{"start":{"line":29,"column":39},"end":{"line":29,"column":40}},"loc":{"start":{"line":29,"column":51},"end":{"line":29,"column":65}},"line":29},"3":{"name":"(anonymous_3)","decl":{"start":{"line":48,"column":19},"end":{"line":48,"column":20}},"loc":{"start":{"line":48,"column":45},"end":{"line":64,"column":1}},"line":48},"4":{"name":"(anonymous_4)","decl":{"start":{"line":66,"column":19},"end":{"line":66,"column":20}},"loc":{"start":{"line":66,"column":45},"end":{"line":88,"column":1}},"line":66},"5":{"name":"(anonymous_5)","decl":{"start":{"line":90,"column":19},"end":{"line":90,"column":20}},"loc":{"start":{"line":90,"column":45},"end":{"line":103,"column":1}},"line":90},"6":{"name":"(anonymous_6)","decl":{"start":{"line":105,"column":17},"end":{"line":105,"column":18}},"loc":{"start":{"line":105,"column":43},"end":{"line":115,"column":1}},"line":105},"7":{"name":"(anonymous_7)","decl":{"start":{"line":120,"column":16},"end":{"line":120,"column":17}},"loc":{"start":{"line":120,"column":25},"end":{"line":120,"column":52}},"line":120},"8":{"name":"(anonymous_8)","decl":{"start":{"line":129,"column":22},"end":{"line":129,"column":23}},"loc":{"start":{"line":129,"column":48},"end":{"line":162,"column":1}},"line":129},"9":{"name":"(anonymous_9)","decl":{"start":{"line":164,"column":20},"end":{"line":164,"column":21}},"loc":{"start":{"line":164,"column":40},"end":{"line":179,"column":1}},"line":164},"10":{"name":"(anonymous_10)","decl":{"start":{"line":170,"column":34},"end":{"line":170,"column":35}},"loc":{"start":{"line":170,"column":52},"end":{"line":174,"column":5}},"line":170},"11":{"name":"(anonymous_11)","decl":{"start":{"line":181,"column":21},"end":{"line":181,"column":22}},"loc":{"start":{"line":181,"column":41},"end":{"line":202,"column":1}},"line":181},"12":{"name":"(anonymous_12)","decl":{"start":{"line":182,"column":19},"end":{"line":182,"column":20}},"loc":{"start":{"line":182,"column":28},"end":{"line":195,"column":3}},"line":182},"13":{"name":"(anonymous_13)","decl":{"start":{"line":188,"column":32},"end":{"line":188,"column":33}},"loc":{"start":{"line":189,"column":10},"end":{"line":189,"column":53}},"line":189}},"branchMap":{"0":{"loc":{"start":{"line":13,"column":23},"end":{"line":13,"column":65}},"type":"binary-expr","locations":[{"start":{"line":13,"column":23},"end":{"line":13,"column":59}},{"start":{"line":13,"column":63},"end":{"line":13,"column":65}}],"line":13},"1":{"loc":{"start":{"line":14,"column":27},"end":{"line":14,"column":72}},"type":"binary-expr","locations":[{"start":{"line":14,"column":27},"end":{"line":14,"column":67}},{"start":{"line":14,"column":71},"end":{"line":14,"column":72}}],"line":14},"2":{"loc":{"start":{"line":28,"column":2},"end":{"line":31,"column":3}},"type":"if","locations":[{"start":{"line":28,"column":2},"end":{"line":31,"column":3}},{"start":{},"end":{}}],"line":28},"3":{"loc":{"start":{"line":42,"column":2},"end":{"line":44,"column":3}},"type":"if","locations":[{"start":{"line":42,"column":2},"end":{"line":44,"column":3}},{"start":{},"end":{}}],"line":42},"4":{"loc":{"start":{"line":42,"column":6},"end":{"line":42,"column":39}},"type":"binary-expr","locations":[{"start":{"line":42,"column":6},"end":{"line":42,"column":10}},{"start":{"line":42,"column":14},"end":{"line":42,"column":39}}],"line":42},"5":{"loc":{"start":{"line":71,"column":4},"end":{"line":71,"column":78}},"type":"if","locations":[{"start":{"line":71,"column":4},"end":{"line":71,"column":78}},{"start":{},"end":{}}],"line":71},"6":{"loc":{"start":{"line":94,"column":4},"end":{"line":94,"column":78}},"type":"if","locations":[{"start":{"line":94,"column":4},"end":{"line":94,"column":78}},{"start":{},"end":{}}],"line":94},"7":{"loc":{"start":{"line":109,"column":4},"end":{"line":109,"column":78}},"type":"if","locations":[{"start":{"line":109,"column":4},"end":{"line":109,"column":78}},{"start":{},"end":{}}],"line":109},"8":{"loc":{"start":{"line":120,"column":25},"end":{"line":120,"column":52}},"type":"binary-expr","locations":[{"start":{"line":120,"column":25},"end":{"line":120,"column":42}},{"start":{"line":120,"column":46},"end":{"line":120,"column":52}}],"line":120},"9":{"loc":{"start":{"line":133,"column":4},"end":{"line":137,"column":5}},"type":"if","locations":[{"start":{"line":133,"column":4},"end":{"line":137,"column":5}},{"start":{},"end":{}}],"line":133},"10":{"loc":{"start":{"line":133,"column":8},"end":{"line":133,"column":30}},"type":"binary-expr","locations":[{"start":{"line":133,"column":8},"end":{"line":133,"column":17}},{"start":{"line":133,"column":21},"end":{"line":133,"column":30}}],"line":133},"11":{"loc":{"start":{"line":143,"column":4},"end":{"line":145,"column":5}},"type":"if","locations":[{"start":{"line":143,"column":4},"end":{"line":145,"column":5}},{"start":{},"end":{}}],"line":143},"12":{"loc":{"start":{"line":143,"column":8},"end":{"line":143,"column":71}},"type":"binary-expr","locations":[{"start":{"line":143,"column":8},"end":{"line":143,"column":13}},{"start":{"line":143,"column":17},"end":{"line":143,"column":71}}],"line":143},"13":{"loc":{"start":{"line":168,"column":4},"end":{"line":168,"column":76}},"type":"if","locations":[{"start":{"line":168,"column":4},"end":{"line":168,"column":76}},{"start":{},"end":{}}],"line":168},"14":{"loc":{"start":{"line":171,"column":6},"end":{"line":171,"column":74}},"type":"if","locations":[{"start":{"line":171,"column":6},"end":{"line":171,"column":74}},{"start":{},"end":{}}],"line":171},"15":{"loc":{"start":{"line":183,"column":4},"end":{"line":183,"column":48}},"type":"if","locations":[{"start":{"line":183,"column":4},"end":{"line":183,"column":48}},{"start":{},"end":{}}],"line":183},"16":{"loc":{"start":{"line":183,"column":8},"end":{"line":183,"column":39}},"type":"binary-expr","locations":[{"start":{"line":183,"column":8},"end":{"line":183,"column":12}},{"start":{"line":183,"column":16},"end":{"line":183,"column":39}}],"line":183},"17":{"loc":{"start":{"line":185,"column":6},"end":{"line":193,"column":7}},"type":"if","locations":[{"start":{"line":185,"column":6},"end":{"line":193,"column":7}},{"start":{"line":187,"column":13},"end":{"line":193,"column":7}}],"line":185},"18":{"loc":{"start":{"line":187,"column":13},"end":{"line":193,"column":7}},"type":"if","locations":[{"start":{"line":187,"column":13},"end":{"line":193,"column":7}},{"start":{"line":191,"column":13},"end":{"line":193,"column":7}}],"line":187},"19":{"loc":{"start":{"line":189,"column":10},"end":{"line":189,"column":53}},"type":"cond-expr","locations":[{"start":{"line":189,"column":37},"end":{"line":189,"column":46}},{"start":{"line":189,"column":49},"end":{"line":189,"column":53}}],"line":189},"20":{"loc":{"start":{"line":191,"column":13},"end":{"line":193,"column":7}},"type":"if","locations":[{"start":{"line":191,"column":13},"end":{"line":193,"column":7}},{"start":{},"end":{}}],"line":191}},"s":{"0":2,"1":2,"2":2,"3":2,"4":2,"5":2,"6":2,"7":2,"8":2,"9":2,"10":2,"11":2,"12":2,"13":3,"14":3,"15":2,"16":1,"17":1,"18":2,"19":16,"20":16,"21":3,"22":4,"23":3,"24":13,"25":13,"26":13,"27":13,"28":2,"29":11,"30":2,"31":9,"32":9,"33":9,"34":9,"35":8,"36":8,"37":8,"38":1,"39":1,"40":2,"41":5,"42":5,"43":5,"44":5,"45":4,"46":2,"47":2,"48":2,"49":2,"50":1,"51":1,"52":2,"53":5,"54":5,"55":5,"56":4,"57":2,"58":2,"59":2,"60":1,"61":1,"62":2,"63":6,"64":6,"65":6,"66":5,"67":3,"68":2,"69":1,"70":1,"71":2,"72":24,"73":2,"74":11,"75":11,"76":11,"77":1,"78":10,"79":9,"80":6,"81":3,"82":3,"83":3,"84":3,"85":1,"86":1,"87":2,"88":10,"89":10,"90":10,"91":3,"92":7,"93":6,"94":1,"95":5,"96":5,"97":1,"98":1,"99":2,"100":40,"101":122,"102":11,"103":111,"104":76,"105":74,"106":2,"107":0,"108":0,"109":2,"110":2,"111":40,"112":40,"113":40,"114":40,"115":2},"f":{"0":3,"1":16,"2":4,"3":9,"4":5,"5":5,"6":6,"7":24,"8":11,"9":10,"10":6,"11":40,"12":122,"13":0},"b":{"0":[2,0],"1":[2,0],"2":[3,13],"3":[2,11],"4":[13,4],"5":[2,2],"6":[2,2],"7":[3,2],"8":[24,5],"9":[1,10],"10":[11,10],"11":[6,3],"12":[9,5],"13":[3,7],"14":[1,5],"15":[11,111],"16":[122,111],"17":[74,2],"18":[0,2],"19":[0,0],"20":[2,0]},"_coverageSchema":"1a1c01bbd47fc00a2c39e90264f33305004495a9","hash":"2b110d281cde43b733ef1fc3475d929fdcacf210"}
,"/Users/thaliamijas/Documents/MasterUEM/BackendAvanzado/gestioUsuariosFinal/schemas.js": {"path":"/Users/thaliamijas/Documents/MasterUEM/BackendAvanzado/gestioUsuariosFinal/schemas.js","statementMap":{"0":{"start":{"line":1,"column":12},"end":{"line":1,"column":26}},"1":{"start":{"line":3,"column":19},"end":{"line":7,"column":2}},"2":{"start":{"line":9,"column":0},"end":{"line":9,"column":28}}},"fnMap":{},"branchMap":{},"s":{"0":1,"1":1,"2":1},"f":{},"b":{},"_coverageSchema":"1a1c01bbd47fc00a2c39e90264f33305004495a9","hash":"94c25d0b34b97a3832e7a99adf7770535050b8fc"}
,"/Users/thaliamijas/Documents/MasterUEM/BackendAvanzado/gestioUsuariosFinal/utils.js": {"path":"/Users/thaliamijas/Documents/MasterUEM/BackendAvanzado/gestioUsuariosFinal/utils.js","statementMap":{"0":{"start":{"line":1,"column":15},"end":{"line":1,"column":32}},"1":{"start":{"line":4,"column":21},"end":{"line":4,"column":23}},"2":{"start":{"line":5,"column":25},"end":{"line":5,"column":64}},"3":{"start":{"line":6,"column":2},"end":{"line":6,"column":24}},"4":{"start":{"line":10,"column":16},"end":{"line":10,"column":63}},"5":{"start":{"line":11,"column":2},"end":{"line":11,"column":15}},"6":{"start":{"line":14,"column":0},"end":{"line":14,"column":50}}},"fnMap":{"0":{"name":"hashPassword","decl":{"start":{"line":3,"column":15},"end":{"line":3,"column":27}},"loc":{"start":{"line":3,"column":38},"end":{"line":7,"column":1}},"line":3},"1":{"name":"verifyPassword","decl":{"start":{"line":9,"column":15},"end":{"line":9,"column":29}},"loc":{"start":{"line":9,"column":57},"end":{"line":12,"column":1}},"line":9}},"branchMap":{},"s":{"0":3,"1":11,"2":11,"3":11,"4":7,"5":7,"6":3},"f":{"0":11,"1":7},"b":{},"_coverageSchema":"1a1c01bbd47fc00a2c39e90264f33305004495a9","hash":"3d545610b33a0a8e557e8a12192b0f03c5ed601d"}
,"/Users/thaliamijas/Documents/MasterUEM/BackendAvanzado/gestioUsuariosFinal/models/index.js": {"path":"/Users/thaliamijas/Documents/MasterUEM/BackendAvanzado/gestioUsuariosFinal/models/index.js","statementMap":{"0":{"start":{"line":1,"column":22},"end":{"line":1,"column":42}},"1":{"start":{"line":2,"column":15},"end":{"line":2,"column":32}},"2":{"start":{"line":4,"column":0},"end":{"line":4,"column":16}},"3":{"start":{"line":8,"column":0},"end":{"line":27,"column":1}},"4":{"start":{"line":9,"column":2},"end":{"line":9,"column":60}},"5":{"start":{"line":10,"column":2},"end":{"line":10,"column":47}},"6":{"start":{"line":12,"column":2},"end":{"line":26,"column":4}},"7":{"start":{"line":29,"column":0},"end":{"line":29,"column":27}}},"fnMap":{},"branchMap":{"0":{"loc":{"start":{"line":8,"column":0},"end":{"line":27,"column":1}},"type":"if","locations":[{"start":{"line":8,"column":0},"end":{"line":27,"column":1}},{"start":{"line":11,"column":7},"end":{"line":27,"column":1}}],"line":8},"1":{"loc":{"start":{"line":19,"column":12},"end":{"line":19,"column":39}},"type":"binary-expr","locations":[{"start":{"line":19,"column":12},"end":{"line":19,"column":31}},{"start":{"line":19,"column":35},"end":{"line":19,"column":39}}],"line":19}},"s":{"0":3,"1":3,"2":3,"3":3,"4":3,"5":3,"6":0,"7":3},"f":{},"b":{"0":[3,0],"1":[0,0]},"_coverageSchema":"1a1c01bbd47fc00a2c39e90264f33305004495a9","hash":"8672d4dfb98db7ce21e8f479addf89ee1f9b68d6"}
,"/Users/thaliamijas/Documents/MasterUEM/BackendAvanzado/gestioUsuariosFinal/models/user.js": {"path":"/Users/thaliamijas/Documents/MasterUEM/BackendAvanzado/gestioUsuariosFinal/models/user.js","statementMap":{"0":{"start":{"line":1,"column":22},"end":{"line":1,"column":42}},"1":{"start":{"line":2,"column":18},"end":{"line":2,"column":39}},"2":{"start":{"line":4,"column":13},"end":{"line":8,"column":2}},"3":{"start":{"line":10,"column":0},"end":{"line":10,"column":22}}},"fnMap":{},"branchMap":{},"s":{"0":2,"1":2,"2":2,"3":2},"f":{},"b":{},"_coverageSchema":"1a1c01bbd47fc00a2c39e90264f33305004495a9","hash":"9c9172e195110de1c4e2880773108911270f28c8"}
}
