TN:
SF:app.js
FN:27,(anonymous_0)
FN:31,(anonymous_1)
FN:33,(anonymous_2)
FN:41,(anonymous_3)
FN:44,(anonymous_4)
FN:46,(anonymous_5)
FN:48,(anonymous_6)
FN:52,(anonymous_7)
FN:66,(anonymous_8)
FNF:9
FNH:3
FNDA:2,(anonymous_0)
FNDA:0,(anonymous_1)
FNDA:0,(anonymous_2)
FNDA:0,(anonymous_3)
FNDA:0,(anonymous_4)
FNDA:0,(anonymous_5)
FNDA:0,(anonymous_6)
FNDA:2,(anonymous_7)
FNDA:3,(anonymous_8)
DA:1,1
DA:2,1
DA:3,1
DA:11,1
DA:12,1
DA:13,1
DA:14,1
DA:15,1
DA:17,1
DA:19,1
DA:21,1
DA:23,1
DA:24,1
DA:25,1
DA:27,1
DA:28,2
DA:31,1
DA:33,1
DA:35,1
DA:44,1
DA:46,1
DA:48,1
DA:49,0
DA:52,1
DA:53,2
DA:54,2
DA:55,1
DA:57,1
DA:62,1
DA:66,1
DA:67,3
DA:69,3
DA:75,0
DA:76,0
DA:79,1
LF:35
LH:32
BRDA:54,0,0,1
BRDA:54,0,1,1
BRDA:67,1,0,3
BRDA:67,1,1,0
BRF:4
BRH:3
end_of_record
TN:
SF:middlewares.js
FN:16,(anonymous_0)
FN:26,(anonymous_1)
FN:29,(anonymous_2)
FN:48,(anonymous_3)
FN:66,(anonymous_4)
FN:90,(anonymous_5)
FN:105,(anonymous_6)
FN:120,(anonymous_7)
FN:129,(anonymous_8)
FN:164,(anonymous_9)
FN:170,(anonymous_10)
FN:181,(anonymous_11)
FN:182,(anonymous_12)
FN:188,(anonymous_13)
FNF:14
FNH:13
FNDA:3,(anonymous_0)
FNDA:16,(anonymous_1)
FNDA:4,(anonymous_2)
FNDA:9,(anonymous_3)
FNDA:5,(anonymous_4)
FNDA:5,(anonymous_5)
FNDA:6,(anonymous_6)
FNDA:24,(anonymous_7)
FNDA:11,(anonymous_8)
FNDA:10,(anonymous_9)
FNDA:6,(anonymous_10)
FNDA:40,(anonymous_11)
FNDA:122,(anonymous_12)
FNDA:0,(anonymous_13)
DA:1,2
DA:2,2
DA:3,2
DA:4,2
DA:5,2
DA:6,2
DA:7,2
DA:8,2
DA:10,2
DA:12,2
DA:13,2
DA:14,2
DA:16,2
DA:17,3
DA:18,3
DA:19,2
DA:21,1
DA:22,1
DA:26,2
DA:27,16
DA:28,16
DA:29,4
DA:30,3
DA:32,13
DA:33,13
DA:35,13
DA:42,13
DA:43,2
DA:45,11
DA:48,2
DA:49,9
DA:50,9
DA:51,9
DA:56,9
DA:57,8
DA:58,8
DA:59,8
DA:61,1
DA:62,1
DA:66,2
DA:67,5
DA:68,5
DA:69,5
DA:70,5
DA:71,4
DA:72,2
DA:78,2
DA:80,2
DA:85,1
DA:86,1
DA:90,2
DA:91,5
DA:92,5
DA:93,5
DA:94,4
DA:96,2
DA:98,2
DA:100,1
DA:101,1
DA:105,2
DA:106,6
DA:107,6
DA:108,6
DA:109,5
DA:110,2
DA:112,1
DA:113,1
DA:117,2
DA:120,24
DA:129,2
DA:130,11
DA:131,11
DA:133,11
DA:134,1
DA:139,10
DA:143,9
DA:144,6
DA:147,3
DA:148,3
DA:151,3
DA:157,3
DA:159,1
DA:160,1
DA:164,2
DA:165,10
DA:167,10
DA:168,10
DA:170,7
DA:171,6
DA:172,5
DA:173,5
DA:176,1
DA:177,1
DA:181,2
DA:182,40
DA:183,122
DA:184,111
DA:185,76
DA:186,74
DA:187,2
DA:188,0
DA:189,0
DA:191,2
DA:192,2
DA:197,40
DA:198,40
DA:199,40
DA:201,40
DA:204,2
LF:109
LH:107
BRDA:13,0,0,2
BRDA:13,0,1,0
BRDA:14,1,0,2
BRDA:14,1,1,0
BRDA:28,2,0,3
BRDA:28,2,1,13
BRDA:42,3,0,2
BRDA:42,3,1,11
BRDA:42,4,0,13
BRDA:42,4,1,4
BRDA:71,5,0,2
BRDA:71,5,1,2
BRDA:94,6,0,2
BRDA:94,6,1,2
BRDA:109,7,0,3
BRDA:109,7,1,2
BRDA:120,8,0,24
BRDA:120,8,1,5
BRDA:133,9,0,1
BRDA:133,9,1,10
BRDA:133,10,0,11
BRDA:133,10,1,10
BRDA:143,11,0,6
BRDA:143,11,1,3
BRDA:143,12,0,9
BRDA:143,12,1,5
BRDA:168,13,0,3
BRDA:168,13,1,7
BRDA:171,14,0,1
BRDA:171,14,1,5
BRDA:183,15,0,11
BRDA:183,15,1,111
BRDA:183,16,0,122
BRDA:183,16,1,111
BRDA:185,17,0,74
BRDA:185,17,1,2
BRDA:187,18,0,0
BRDA:187,18,1,2
BRDA:189,19,0,0
BRDA:189,19,1,0
BRDA:191,20,0,2
BRDA:191,20,1,0
BRF:42
BRH:36
end_of_record
TN:
SF:schemas.js
FNF:0
FNH:0
DA:1,1
DA:3,1
DA:9,1
LF:3
LH:3
BRF:0
BRH:0
end_of_record
TN:
SF:utils.js
FN:3,hashPassword
FN:9,verifyPassword
FNF:2
FNH:2
FNDA:11,hashPassword
FNDA:7,verifyPassword
DA:1,3
DA:4,11
DA:5,11
DA:6,11
DA:10,7
DA:11,7
DA:14,3
LF:7
LH:7
BRF:0
BRH:0
end_of_record
TN:
SF:models/index.js
FNF:0
FNH:0
DA:1,3
DA:2,3
DA:4,3
DA:8,3
DA:9,3
DA:10,3
DA:12,0
DA:29,3
LF:8
LH:7
BRDA:8,0,0,3
BRDA:8,0,1,0
BRDA:19,1,0,0
BRDA:19,1,1,0
BRF:4
BRH:1
end_of_record
TN:
SF:models/user.js
FNF:0
FNH:0
DA:1,2
DA:2,2
DA:4,2
DA:10,2
LF:4
LH:4
BRF:0
BRH:0
end_of_record
